<?xml version="1.0" encoding="UTF-8"?>
<!-- Generated by org.testng.reporters.JUnitXMLReporter -->
<testsuite ignored="0" hostname="LAPTOP-7LPQ0L1T" failures="2" tests="2" name="ChromeTest" time="16.339" errors="0" timestamp="2024-09-29T17:23:37 IST">
  <testcase classname="testCases.TC002LoginPage" name="PerformLoginTest" time="1.583">
    <failure type="java.lang.AssertionError" message="expected [My Accountsss] but found [My Account]">
      <![CDATA[java.lang.AssertionError: expected [My Accountsss] but found [My Account]
at testCases.TC002LoginPage.PerformLoginTest(TC002LoginPage.java:32)
at java.base/java.util.ArrayList.forEach(ArrayList.java:1511)
... Removed 31 stack frames]]>
    </failure>
  </testcase> <!-- PerformLoginTest -->
  <testcase classname="testCases.TC003EditAccountInfo" name="executeEditAccountInfo" time="3.247">
    <failure type="java.lang.AssertionError" message="expected [true] but found [false]">
      <![CDATA[java.lang.AssertionError: expected [true] but found [false]
at testCases.TC003EditAccountInfo.executeEditAccountInfo(TC003EditAccountInfo.java:33)
at java.base/java.util.ArrayList.forEach(ArrayList.java:1511)
... Removed 29 stack frames]]>
    </failure>
  </testcase> <!-- executeEditAccountInfo -->
</testsuite> <!-- ChromeTest -->
